<?xml version="1.0" encoding="UTF-8"?>
<testsuite xmlns:xsi="http://www.w3.org/2001/XMLSchema-instance" xsi:noNamespaceSchemaLocation="https://maven.apache.org/surefire/maven-surefire-plugin/xsd/surefire-test-report.xsd" name="Testdemo.test1" time="0.756" tests="13" errors="0" skipped="0" failures="0">
  <properties>
[...]
</properties>
  <testcase name="testDeleteHangHoa" classname="Testdemo.test1" time="0.052"/>
  <testcase name="testGetKhach" classname="Testdemo.test1" time="0.006"/>
  <testcase name="testEdit" classname="Testdemo.test1" time="0.063"/>
  <testcase name="layThongTinUser" classname="Testdemo.test1" time="0.026"/>
  <testcase name="themNguoiDung" classname="Testdemo.test1" time="0.031"/>
  <testcase name="testGetUser" classname="Testdemo.test1" time="0.002"/>
  <testcase name="themHangHoa" classname="Testdemo.test1" time="0.03"/>
  <testcase name="testDeleteHangHoaDon" classname="Testdemo.test1" time="0.027"/>
  <testcase name="testGetHoadon" classname="Testdemo.test1" time="0.003"/>
  <testcase name="checkinf" classname="Testdemo.test1" time="0.028"/>
  <testcase name="testUnquie" classname="Testdemo.test1" time="0.003"/>
  <testcase name="testUpdate" classname="Testdemo.test1" time="0.066"/>
  <testcase name="themHangHoaHD" classname="Testdemo.test1" time="0.028"/>
</testsuite>